2025-04-05 17:44:50,728 - testcases.test_alerts_popups - INFO - Accepting simple alert
2025-04-05 17:44:50,931 - testcases.test_alerts_popups - INFO - Alert text is "I am an alert box!"
2025-04-05 17:44:50,947 - testcases.test_alerts_popups - INFO - Check and confirm alert button
2025-04-05 17:44:51,113 - testcases.test_alerts_popups - INFO - Validating text after confirm alert
2025-04-05 17:44:51,235 - testcases.test_alerts_popups - INFO - Text in the alert is You pressed OK! and you pressed ok
2025-04-05 17:44:51,275 - testcases.test_deynemic_button - INFO - Check button is selected
2025-04-05 17:44:51,308 - testcases.test_deynemic_button - INFO - Check if is_selected is true
2025-04-05 17:44:51,567 - testcases.test_drag_and_drop - INFO - Testing drag and drop!
2025-04-05 17:44:51,621 - testcases.test_drag_and_drop - INFO - Performing drag and drop!
2025-04-05 17:44:52,234 - testcases.test_drag_and_drop - INFO - Testing slide bar!
2025-04-05 17:44:52,298 - testcases.test_drag_and_drop - INFO - Performing slide bar!
2025-04-05 17:44:53,490 - testcases.test_drag_and_drop - INFO - Scrolling tests
2025-04-05 17:44:53,491 - testcases.test_drag_and_drop - INFO - Scroll to Bottom of Page
2025-04-05 17:44:53,516 - testcases.test_drag_and_drop - INFO - Scroll to Top of Page
2025-04-05 17:44:53,570 - testcases.test_drag_and_drop - INFO - Scroll till specific element
2025-04-05 17:44:57,829 - testcases.test_drag_and_drop - INFO - Scroll till specific element with text Item 26
2025-04-05 17:44:58,002 - testcases.test_dropdown - INFO - Selecting country
2025-04-05 17:44:58,055 - testcases.test_dropdown - INFO - Selecting india from the countries list
2025-04-05 17:44:58,181 - testcases.test_dropdown - INFO - Selecting colors
2025-04-05 17:44:58,231 - testcases.test_dropdown - INFO - Selecting red and green
2025-04-05 17:44:58,622 - testcases.test_dropdown - INFO - Selecting animals
2025-04-05 17:44:58,664 - testcases.test_dropdown - INFO - Selecting Elephant and Lion
2025-04-05 17:44:58,901 - testcases.test_handling_pagination - INFO - Testing pagination web tabs
2025-04-05 17:44:58,924 - testcases.test_handling_pagination - INFO - Click on pagination
2025-04-05 17:44:59,118 - testcases.test_handling_pagination - INFO - Names on the table: Smartphone
2025-04-05 17:44:59,139 - testcases.test_handling_pagination - INFO - Names on the table: Laptop
2025-04-05 17:44:59,165 - testcases.test_handling_pagination - INFO - Names on the table: Tablet
2025-04-05 17:44:59,189 - testcases.test_handling_pagination - INFO - Names on the table: Smartwatch
2025-04-05 17:44:59,210 - testcases.test_handling_pagination - INFO - Names on the table: Wireless Earbuds
2025-04-05 17:44:59,213 - testcases.test_handling_pagination - INFO - Click on pagination
2025-04-05 17:44:59,365 - testcases.test_handling_pagination - INFO - Names on the table: Bluetooth Speaker
2025-04-05 17:44:59,381 - testcases.test_handling_pagination - INFO - Names on the table: Television
2025-04-05 17:44:59,397 - testcases.test_handling_pagination - INFO - Names on the table: Action Camera
2025-04-05 17:44:59,414 - testcases.test_handling_pagination - INFO - Names on the table: Gaming Console
2025-04-05 17:44:59,431 - testcases.test_handling_pagination - INFO - Names on the table: Digital Camera
2025-04-05 17:44:59,431 - testcases.test_handling_pagination - INFO - Click on pagination
2025-04-05 17:44:59,575 - testcases.test_handling_pagination - INFO - Names on the table: Smart Home Hub
2025-04-05 17:44:59,595 - testcases.test_handling_pagination - INFO - Names on the table: Router
2025-04-05 17:44:59,615 - testcases.test_handling_pagination - INFO - Names on the table: Portable Charger
2025-04-05 17:44:59,637 - testcases.test_handling_pagination - INFO - Names on the table: Fitness Tracker
2025-04-05 17:44:59,656 - testcases.test_handling_pagination - INFO - Names on the table: Desktop Computer
2025-04-05 17:44:59,657 - testcases.test_handling_pagination - INFO - Click on pagination
2025-04-05 17:44:59,829 - testcases.test_handling_pagination - INFO - Names on the table: E-Reader
2025-04-05 17:44:59,849 - testcases.test_handling_pagination - INFO - Names on the table: VR Headset
2025-04-05 17:44:59,870 - testcases.test_handling_pagination - INFO - Names on the table: Streaming Device
2025-04-05 17:44:59,890 - testcases.test_handling_pagination - INFO - Names on the table: Soundbar
2025-04-05 17:44:59,909 - testcases.test_handling_pagination - INFO - Names on the table: Wireless Mouse 20
2025-04-05 17:44:59,913 - testcases.test_handling_tabs - INFO - Wiki searching with laptops
2025-04-05 17:45:00,300 - testcases.test_handling_tabs - INFO - Wait until the search result appears
2025-04-05 17:45:01,009 - testcases.test_handling_tabs - INFO - Opening new tab https://en.wikipedia.org/wiki/Laptop
2025-04-05 17:45:01,326 - testcases.test_handling_tabs - INFO - Opening new tab https://en.wikipedia.org/wiki/Laptop_stand
2025-04-05 17:45:02,186 - testcases.test_handling_tabs - INFO - Opening new tab https://en.wikipedia.org/wiki/Laptop_orchestra
2025-04-05 17:45:02,611 - testcases.test_handling_tabs - INFO - Opening new tab https://en.wikipedia.org/wiki/Laptop_theft
2025-04-05 17:45:03,035 - testcases.test_handling_tabs - INFO - Opening new tab https://en.wikipedia.org/wiki/Laptop_battle
2025-04-05 17:45:03,928 - testcases.test_handling_tabs - INFO - page title :Laptop - Wikipedia
2025-04-05 17:45:04,110 - testcases.test_handling_tabs - INFO - page title :Laptop cooler - Wikipedia
2025-04-05 17:45:04,362 - testcases.test_handling_tabs - INFO - page title :Laptop orchestra - Wikipedia
2025-04-05 17:45:04,571 - testcases.test_handling_tabs - INFO - page title :Laptop theft - Wikipedia
2025-04-05 17:45:04,746 - testcases.test_handling_tabs - INFO - page title :Laptop battle - Wikipedia
2025-04-05 17:45:04,818 - testcases.test_handling_tabs - INFO - Click on the new tab button!
2025-04-05 17:45:05,403 - testcases.test_handling_tabs - INFO - the title of the new page is Just a moment...
2025-04-05 17:45:05,439 - testcases.test_handling_tabs - INFO - Switching back to main window
2025-04-05 17:45:05,457 - testcases.test_handling_tabs - INFO - CLick on the popup window!
2025-04-05 17:45:07,015 - testcases.test_handling_tabs - INFO - the title of the new page is Fast and reliable end-to-end testing for modern web apps | Playwright
2025-04-05 17:45:07,134 - testcases.test_handling_tabs - INFO - the title of the new page is Selenium
2025-04-05 17:45:07,207 - testcases.test_handling_tabs - INFO - Switching back to main window
2025-04-05 17:45:07,226 - testcases.test_input_address - INFO - Enter name into enter name search bar
2025-04-05 17:45:07,417 - testcases.test_input_address - INFO - Enter email into enter email search bar
2025-04-05 17:45:07,659 - testcases.test_input_address - INFO - Enter phone into enter phone search bar
2025-04-05 17:45:07,856 - testcases.test_input_address - INFO - Enter address into enter address search bar
2025-04-05 17:45:08,168 - root - INFO - Testing mouse-hover
2025-04-05 17:45:08,219 - root - INFO - Mouse-hover to laptops
2025-04-05 17:45:09,068 - root - INFO - Testing double click
2025-04-05 17:45:09,069 - root - INFO - Enter text Welcome! into field1
2025-04-05 17:45:09,359 - root - INFO - Performing double click
2025-04-05 17:45:09,695 - root - INFO - Validating double click action!
2025-04-05 17:45:09,823 - root - INFO - Double click action successful!
2025-04-05 17:45:09,828 - testcases.test_select_checkbox - INFO - Selecting male checkbox
2025-04-05 17:45:10,040 - testcases.test_select_checkbox - INFO - selecting sunday from checkbox
2025-04-05 17:45:10,260 - testcases.test_select_checkbox - INFO - selecting friday from checkbox
